<?xml version="1.0" encoding="utf-8"?><testsuites name="pytest tests"><testsuite name="pytest" errors="0" failures="0" skipped="0" tests="14" time="0.905" timestamp="2026-08-16T04:21:39.139451+00:00" hostname="agent-env-e8656145-64a5-4788-92f8-90e375e09529"><testcase classname="tests.test_arcade_api.TestRoot" name="test_root" time="0.172" /><testcase classname="tests.test_arcade_api.TestScores" name="test_submit_new_best_creates" time="0.052" /><testcase classname="tests.test_arcade_api.TestScores" name="test_submit_lower_not_new_best" time="0.050" /><testcase classname="tests.test_arcade_api.TestScores" name="test_submit_higher_updates_best" time="0.048" /><testcase classname="tests.test_arcade_api.TestScores" name="test_submit_plum_ok" time="0.050" /><testcase classname="tests.test_arcade_api.TestScores" name="test_submit_ninja_ok" time="0.058" /><testcase classname="tests.test_arcade_api.TestScores" name="test_submit_unknown_game_400" time="0.046" /><testcase classname="tests.test_arcade_api.TestScores" name="test_submit_empty_player_becomes_anonymous" time="0.058" /><testcase classname="tests.test_arcade_api.TestScores" name="test_submit_negative_score_clamped_to_zero" time="0.055" /><testcase classname="tests.test_arcade_api.TestLeaderboard" name="test_leaderboard_nailing_contains_player" time="0.054" /><testcase classname="tests.test_arcade_api.TestLeaderboard" name="test_leaderboard_plum_ok" time="0.051" /><testcase classname="tests.test_arcade_api.TestLeaderboard" name="test_leaderboard_ninja_ok" time="0.050" /><testcase classname="tests.test_arcade_api.TestLeaderboard" name="test_leaderboard_unknown_game_400" time="0.055" /><testcase classname="tests.test_arcade_api.TestLeaderboard" name="test_leaderboard_no_mongo_id_leak" time="0.053" /></testsuite></testsuites>